Starting TWRP 3.7.1_12-cooked71-b25dd5d4-dirty on Thu Mar 27 12:51:55 2025
 (pid 330)
I:Lun file '/config/usb_gadget/g1/functions/mass_storage.0/lun.0/file'
PRODUCT_USE_DYNAMIC_PARTITIONS := true
I:Found brightness file at '/sys/devices/platform/soc/soc:ap-ahb/31100000.dsi/31100000.dsi.0/display/panel0/sprd_backlight/brightness'
I:Got max brightness 4095 from '/sys/devices/platform/soc/soc:ap-ahb/31100000.dsi/31100000.dsi.0/display/panel0/sprd_backlight/max_brightness'
I:TWFunc::Set_Brightness: Setting brightness control to 4095
I:TW_EXCLUDE_ENCRYPTED_BACKUPS := true
I:LANG: en
I:AB_OTA_UPDATER := true
boot command: boot-recovery
I:Startup Commands: 
=> Linking mtab
=> Processing /etc/recovery.fstab
I:Reading /etc/twrp.flags
I:Reading /etc/recovery.fstab
I:Processing '/spl'
I:Processing '/spl_bk'
I:Processing '/uboot'
I:Processing '/sml'
I:Processing '/tos'
I:Processing '/teecfg'
I:Processing '/vbmeta'
I:Processing '/vbmeta_system'
I:Processing '/vbmeta_vendor'
I:Processing '/dtbo'
I:Processing '/ltedsp'
I:Processing '/ltegdsp'
I:Processing '/lteagdsp'
I:Processing '/ltecdsp'
I:Processing '/ltemodem'
I:Processing '/ltefixnv1'
I:Processing '/ltefixnv2'
I:Processing '/ltedeltanv'
I:Processing '/lteruntimenv1'
I:Processing '/lteruntimenv2'
I:Processing '/wcnmodem'
I:Processing '/gnssmodem'
I:Processing '/pmsys'
I:Processing '/misc'
I:Processing '/boot'
I:Processing '/persist'
I:Processing '/logo'
I:Processing '/fbootlogo'
I:Processing '/system'
I:Created '/system_root' folder.
I:Unhandled flag: 'avb=vbmeta_system'
I:Unhandled flag: 'first_stage_mount'
I:Unhandled flag: 'avb_keys=/avb/q-gsi.avbpubkey:/avb/r-gsi.avbpubkey:/avb/s-gsi.avbpubkey'
I:Trying to prepare system from super partition
I:Symlinking /dev/block/dm-0 => /dev/block/bootdevice/by-name/system 
I:Found an additional entry for '/system'
I:Processing '/system'
I:Processing '/system_ext'
I:Created '/system_ext' folder.
I:Unhandled flag: 'avb=vbmeta_system'
I:Unhandled flag: 'first_stage_mount'
I:Trying to prepare system_ext from super partition
I:Symlinking /dev/block/dm-1 => /dev/block/bootdevice/by-name/system_ext 
I:Processing '/vendor'
I:Unhandled flag: 'avb=vbmeta_vendor'
I:Unhandled flag: 'first_stage_mount'
I:Trying to prepare vendor from super partition
I:Symlinking /dev/block/dm-2 => /dev/block/bootdevice/by-name/vendor 
I:Processing '/odm'
I:Unhandled flag: 'avb=vbmeta_odm'
I:Unhandled flag: 'first_stage_mount'
I:Trying to prepare odm from super partition
I:Symlinking /dev/block/dm-4 => /dev/block/bootdevice/by-name/odm 
I:Processing '/product'
I:Created '/product' folder.
I:Unhandled flag: 'avb=vbmeta_product'
I:Unhandled flag: 'first_stage_mount'
I:Trying to prepare product from super partition
I:Symlinking /dev/block/dm-3 => /dev/block/bootdevice/by-name/product 
I:Processing '/vendor_dlkm'
I:Unhandled flag: 'avb=vbmeta_system_ext'
I:Unhandled flag: 'first_stage_mount'
I:Trying to prepare vendor_dlkm from super partition
I:Symlinking /dev/block/dm-5 => /dev/block/bootdevice/by-name/vendor_dlkm 
I:Processing '/metadata'
I:Unhandled flag: 'first_stage_mount'
I:Found an additional entry for '/metadata'
I:Processing '/metadata'
I:Processing '/data'
I:Unhandled flag: 'latemount'
I:FBE contents 'aes-256-xts', filenames 'aes-256-cts:v2+inlinecrypt_optimized'
I:setting Key_Directory to: /metadata/vold/metadata_encryption
I:Unhandled flag: 'reservedsize=128M'
I:Unhandled flag: 'checkpoint=fs'
I:Processing '/cache'
I:Created '/cache' folder.
I:Found an additional entry for '/cache'
I:Processing '/cache'
I:Processing remaining twrp.flags
I:Processing '/external_sd'
I:Created '/external_sd' folder.
I:Processing '/product_image'
I:Processing '/system_ext_image'
I:Processing '/system_image'
I:Processing '/usb-otg'
I:Created '/usb-otg' folder.
I:Processing '/vbmeta_product'
I:Processing '/vbmeta_system_ext'
I:Processing '/vendor_boot'
I:Processing '/vendor_image'
I:Setting 'external_storage.projid.enabled' to '1' from /vendor/build.prop
I:Setting 'external_storage.casefold.enabled' to '1' from /vendor/build.prop
I:Setting 'external_storage.sdcardfs.enabled' to '0' from /vendor/build.prop
I:GetFstabPath: /odm/etc/fstab.ums9230_hulk
I:GetFstabPath: /vendor/etc/fstab.ums9230_hulk
I:Fstab: /vendor/etc/fstab.ums9230_hulk
I:Reading /etc/additional.fstab
I:Processing '/metadata'
I:Unhandled flag: 'first_stage_mount'
I:Processing '/metadata'
I:Unhandled flag: 'first_stage_mount'
I:Processing '/data'
I:Unhandled flag: 'latemount'
I:FBE contents 'aes-256-xts', filenames 'aes-256-cts:v2+inlinecrypt_optimized'
I:setting Key_Directory to: /metadata/vold/metadata_encryption
I:Unhandled flag: 'reservedsize=128M'
I:Unhandled flag: 'checkpoint=fs'
I:Done processing fstab files
I:Property ro.boot.product.vendor.sku not found, trying to get vintf manifest file name from ro.board.platform
I:Separate manifest doesn't exist for 'android.hardware.keymaster'
I:/vendor/etc/vintf/manifest_ums9230.xml not found. Using default path for manifest.xml
I:PageManager::LoadFileToBuffer loading filename: '/vendor/etc/vintf/manifest.xml' directly
I:Looking for 'android.hardware.keymaster' service in manifest
I:Keymaster_Ver::Unable to find vendor manifest on the device, and no default value set. Checking the ramdisk manifest
I:Property ro.boot.product.vendor.sku not found, trying to get vintf manifest file name from ro.board.platform
I:Separate manifest doesn't exist for 'android.hardware.keymaster'
I:PageManager::LoadFileToBuffer loading filename: '/vendor/etc/vintf/manifest_ums9230.xml' directly
I:Looking for 'android.hardware.keymaster' service in manifest
I:Found version in manifest: 3.0
I:Found version in manifest: 4.0
I:Keymaster_Ver::Using keymaster version '4.x' for decryption
Starting the UI...
Skipping adf graphics -- not present in build tree
setting DRM_FORMAT_XBGR8888 and GGL_PIXEL_FORMAT_RGBA_8888
setting DRM_FORMAT_XBGR8888 and GGL_PIXEL_FORMAT_RGBA_8888
Using drm graphics.
I:TWFunc::Set_Brightness: Setting brightness control to 4095
TW_SCREEN_BLANK_ON_BOOT := true
I:TWFunc::Set_Brightness: Setting brightness control to 0
I:TWFunc::Set_Brightness: Setting brightness control to 4095
I:Loading package: splash (/twres/splash.xml)
I:Load XML directly
I:PageManager::LoadFileToBuffer loading filename: '/twres/splash.xml' directly
I:Checking resolution...
I:Scaling theme width 0.666667x and height 0.833333x, offsets x: 0 y: 0 w: 0 h: 0
I:Loading resources...
I:Loading variables...
I:Loading mouse cursor...
I:Loading pages...
I:Loading page splash
I:Switching packages (splash)
I:unable to open zip archive /system_root/system/apex/com.google.android.tzdata2.apex. Reason: No such file or directory
I:Skipping non-existent apex file: /system_root/system/apex/com.google.android.tzdata2.apex
I:unable to open zip archive /system_root/system/apex/com.android.tzdata.apex. Reason: No such file or directory
I:Skipping non-existent apex file: /system_root/system/apex/com.android.tzdata.apex
I:unable to open zip archive /system_root/system/apex/com.android.art.release.apex. Reason: No such file or directory
I:Skipping non-existent apex file: /system_root/system/apex/com.android.art.release.apex
I:unable to open zip archive /system_root/system/apex/com.android.media.swcodec.apex. Reason: No such file or directory
I:Skipping non-existent apex file: /system_root/system/apex/com.android.media.swcodec.apex
I:Using automatic handling for /data/media emulated storage device.
I:Setting up '/data' as data/media emulated storage.
matches was 3 on <</dev/block/loop0 /apex/com.android.cts.s>>
I:Can't probe device /dev/block/mmcblk0p77
I:Unable to mount '/data'
I:Actual block device: '/dev/block/mmcblk0p77', current file system: 'f2fs'
I:Backup folder set to '/data/media/TWRP/BACKUPS/0I63730I5910990B'
Updating partition details...
I:checking for twrp app
matches was 3 on <</dev/block/loop0 /apex/com.android.cts.s>>
matches was 3 on <</dev/block/loop0 /apex/com.android.cts.s>>
I:Can't probe device /dev/block/mmcblk0p77
Failed to mount '/data' (Invalid argument)
I:Actual block device: '/dev/block/mmcblk0p77', current file system: 'f2fs'
...done
matches was 3 on <</dev/block/loop0 /apex/com.android.cts.s>>
I:Can't probe device /dev/block/mmcblk0p77
I:Unable to mount '/data'
I:Actual block device: '/dev/block/mmcblk0p77', current file system: 'f2fs'
Unable to mount storage
/super | /dev/block/by-name/super | Size: 0MB
   Flags: Can_Be_Backed_Up IsPresent Can_Flash_Img 
   Alternate_Block_Device: /dev/block/by-name/super
   Display_Name: super
   Backup_Path: /super
   Backup_Name: super
   Backup_Display_Name: Super (system system_ext vendor odm)
   Current_File_System: emmc
   Backup_Method: dd

I:Unmounting main partitions...
I:Loading package: TWRP (/data/media/TWRP/theme/ui.zip)
I:Loading zip theme
I:Loading package: TWRP (/twres/ui.xml)
I:Load XML directly
I:PageManager::LoadFileToBuffer loading filename: '/twres/languages/zh_TW.xml' directly
I:PageManager::LoadFileToBuffer loading filename: '/twres/languages/zh_CN.xml' directly
I:PageManager::LoadFileToBuffer loading filename: '/twres/languages/uk.xml' directly
I:PageManager::LoadFileToBuffer loading filename: '/twres/languages/tr.xml' directly
I:PageManager::LoadFileToBuffer loading filename: '/twres/languages/sv.xml' directly
I:PageManager::LoadFileToBuffer loading filename: '/twres/languages/sl.xml' directly
I:PageManager::LoadFileToBuffer loading filename: '/twres/languages/sk.xml' directly
I:PageManager::LoadFileToBuffer loading filename: '/twres/languages/ru.xml' directly
I:PageManager::LoadFileToBuffer loading filename: '/twres/languages/pt_PT.xml' directly
I:PageManager::LoadFileToBuffer loading filename: '/twres/languages/pt_BR.xml' directly
I:PageManager::LoadFileToBuffer loading filename: '/twres/languages/pl.xml' directly
I:PageManager::LoadFileToBuffer loading filename: '/twres/languages/nl.xml' directly
I:PageManager::LoadFileToBuffer loading filename: '/twres/languages/lk.xml' directly
I:PageManager::LoadFileToBuffer loading filename: '/twres/languages/ja.xml' directly
I:PageManager::LoadFileToBuffer loading filename: '/twres/languages/it.xml' directly
I:PageManager::LoadFileToBuffer loading filename: '/twres/languages/id.xml' directly
I:PageManager::LoadFileToBuffer loading filename: '/twres/languages/hu.xml' directly
I:PageManager::LoadFileToBuffer loading filename: '/twres/languages/fr.xml' directly
I:PageManager::LoadFileToBuffer loading filename: '/twres/languages/es.xml' directly
I:PageManager::LoadFileToBuffer loading filename: '/twres/languages/en.xml' directly
I:PageManager::LoadFileToBuffer loading filename: '/twres/languages/el.xml' directly
I:PageManager::LoadFileToBuffer loading filename: '/twres/languages/de.xml' directly
I:PageManager::LoadFileToBuffer loading filename: '/twres/languages/cz.xml' directly
I:PageManager::LoadFileToBuffer loading filename: '/twres/languages/en.xml' directly
parsing languageFile
parsing languageFile done
I:PageManager::LoadFileToBuffer loading filename: '/twres/ui.xml' directly
I:Checking resolution...
I:Scaling theme width 0.666667x and height 0.833333x, offsets x: 0 y: 0 w: 0 h: 0
I:Loading resources...
I:Failed to load image from indeterminate013, error -1
I:Loading variables...
I:Loading mouse cursor...
I:Loading pages...
I:Including file: /twres/portrait.xml...
I:PageManager::LoadFileToBuffer loading filename: '/twres/portrait.xml' directly
I:Loading resources...
I:Loading variables...
I:Loading mouse cursor...
I:Loading pages...
I:Loading page main
I:Loading page main2
I:Loading page install
I:Loading page flash_confirm
I:Loading page flash_zip
I:Loading page flash_done
I:Loading page flash_sleep_and_reboot
I:Loading page flashimage_confirm
I:Loading page clear_vars
I:Loading page reboot_system_routine
I:Loading page confirm_action
I:Loading page action_page
I:Loading page singleaction_page
I:Loading page action_complete
I:Loading page filecheck
I:Loading page rebootcheck
I:Loading page wipe
I:Loading page advancedwipe
I:Loading page formatdata
I:Loading page formatdata_confirm
I:Loading page checkpartitionlist
I:Loading page partitionoptions
I:Loading page refreshfilesystem
I:Loading page selectfilesystem
I:Loading page backup
I:Loading page multiuser_warning
I:Loading page backup_options
I:Loading page backupname1
I:Loading page backupname2
I:Loading page backupencryption
I:Loading page backupencryption2
I:Loading page checkbackuppassword
I:Loading page backup_run
I:Loading page restore
I:Unable to open '/data/media/TWRP/BACKUPS/0I63730I5910990B'
I:Loading page restore_force
I:Unable to open '/data/media/TWRP/BACKUPS'
I:Loading page restore_read
I:Loading page restore_decrypt
I:Loading page try_restore_decrypt
I:Loading page restore_select
I:Loading page renamebackup
I:Loading page restore_run
I:Loading page mount
I:Loading page usb_mount
I:Loading page usb_umount
I:Loading page system_readonly_check
I:Loading page fastbootreboot
I:Loading page reboot
I:Loading page installapp
I:Loading page system_readonly
I:Loading page settings
I:Loading page settings_timezone
I:Loading page settings_screen
I:Loading page settings_vibration
I:Loading page settings_language
I:Loading page copylog
I:Loading page advanced
I:Loading page partsdcardsel
I:Loading page partsdcardcheck
I:Loading page partsdcard
I:Loading page repackselect
I:Loading page repackconfirm
I:Loading page lock
I:Loading page filemanagerlist
I:Loading page filemanageroptions
I:Loading page choosedestinationfolder
I:Loading page filemanagerrenamefile
I:Loading page filemanagerrenamefolder
I:Loading page filemanagerchmod
I:Loading page filemanagerconfirm
I:Loading page filemanageraction
I:Loading page decrypt
I:Loading page decrypt_pattern
I:Loading page decrypt_pin
I:Loading page trydecrypt
I:Loading page canceldecrypt
I:Loading page terminalcommand
I:Loading page fastboot
I:Loading page sideload
I:Loading page fixcontexts
I:Loading page slideout
I:Loading page select_storage
I:Loading page select_language
I:Loading page decrypt_users
I:Loading page changeTwrpFolder
I:Loading page restore_keymaster
I:Set page: 'clear_vars'
I:Set page: 'main2'
I:Switching packages (TWRP)
ro.boot.auto.efuse=T612
ro.boot.auto.chipid=UMS9230-AB
ro.boot.lwfq.type=-1
ro.boot.mode=recovery
ro.boot.pmic.chipid=2730
ro.boot.flash.locked=0
ro.boot.oplus.euex=NULL
ro.boot.wdten=e551
ro.boot.usbmux=0x0
ro.boot.vbmeta.size=45504
ro.boot.vbmeta.digest=baaf4fef47275bdad837d6e713becd520af7560511088a5984f8ab951dfa42f1
ro.boot.vbmeta.hash_alg=sha256
ro.boot.vbmeta.avb_version=1.1
ro.boot.vbmeta.device_state=unlocked
ro.boot.vendor.skip.init=0
ro.boot.ddrsize=6144M
ro.boot.ddrsize.range=[6144,)
ro.boot.dswdten=disable
ro.boot.product.hardware.hce=true
ro.boot.product.regionmark=EEA_3760
ro.boot.dtbo_idx=7
ro.boot.dvfs_set=0x0
ro.boot.hardware=ums9230_hulk
ro.boot.operator=NULL
ro.boot.regionmark=EUEX
ro.boot.veritymode=enforcing
ro.boot.avb_version=1.2
ro.boot.oplus_nv_id=01000100
ro.boot.upgradeflag=false
ro.boot.boot_devices=soc/soc:ap-apb/201d0000.sdio
ro.boot.init_fatal_panic=true
ro.boot.force_normal_boot=0
ro.boot.verifiedbootstate=orange
ro.baseband=unknown
ro.bootmode=recovery
ro.hardware=ums9230_hulk
ro.revision=0
ro.bootloader=unknown
ro.boottime.adbd=2547968574
ro.boottime.init=685392922
ro.boottime.init.modules=1282
ro.boottime.init.selinux=189236653
ro.boottime.init.first_stage=1382411653
ro.boottime.init.cold_boot_wait=176
ro.boottime.logd=2485400613
ro.boottime.ueventd=2300593728
ro.boottime.recovery=2531446690
ro.boottime.boot-hal-1-2=2535876382
ro.boottime.health-hal-2-1=2539687420
ro.boottime.hwservicemanager=2499161267
ro.boottime.vndservicemanager=2510642651
ro.product.bootimage.name=ums9230_hulk_Natv
ro.product.bootimage.brand=realme
ro.product.bootimage.model=ums9230_hulk_Natv
ro.product.bootimage.device=ums9230_hulk
ro.product.bootimage.manufacturer=realme
ro.bootimage.build.id=UP1A.231005.007
ro.bootimage.build.date=Mon Aug  5 19:28:45 CST 2024
ro.bootimage.build.date.utc=1722857325
ro.bootimage.build.tags=release-keys
ro.bootimage.build.type=user
ro.bootimage.build.version.sdk=34
ro.bootimage.build.version.release=14
ro.bootimage.build.version.incremental=267
ro.bootimage.build.version.release_or_codename=14
ro.bootimage.build.fingerprint=realme/RMX3760/RE58C2:14/UP1A.231005.007/T.R4T2.1722850960:user/release-keys
ro.odm.build.date=Thu Mar 27 03:40:10 GMT 2025
ro.odm.build.date.utc=1743046810
ro.odm.build.version.incremental=eng.cooked.20250327.034332
ro.odm.build.fingerprint=realme/twrp_RE58C6/RE58C6:16.1.0/SP2A.220405.004/cooked03270340:eng/test-keys
ro.product.odm.name=twrp_RE58C6
ro.product.odm.brand=realme
ro.product.odm.model=RE58C6
ro.product.odm.device=RE58C6
ro.product.odm.manufacturer=realme
ro.build.id=SP2A.220405.004
ro.build.date=Thu Mar 27 03:40:10 GMT 2025
ro.build.date.utc=1743046810
ro.build.host=cooked-ThinkPad-T540p
ro.build.tags=test-keys
ro.build.type=eng
ro.build.user=cooked
ro.build.flavor=twrp_RE58C6-eng
ro.build.display.id=twrp_RE58C6-eng 16.1.0 SP2A.220405.004 eng.cooked.20250327.034332 test-keys
ro.build.product=RE58C6
ro.build.version.sdk=32
ro.build.version.base_os=
ro.build.version.release=12
ro.build.version.codename=REL
ro.build.version.incremental=eng.cooked.20250327.034332
ro.build.version.preview_sdk=0
ro.build.version.all_codenames=REL
ro.build.version.security_patch=2099-12-31
ro.build.version.release_or_codename=16.1.0
ro.build.version.preview_sdk_fingerprint=REL
ro.build.version.min_supported_target_sdk=23
ro.build.description=twrp_RE58C6-eng 16.1.0 SP2A.220405.004 eng.cooked.20250327.034332 test-keys
ro.build.characteristics=default
ro.secure=0
ro.system.build.id=SP2A.220405.004
ro.system.build.date=Thu Mar 27 03:40:10 GMT 2025
ro.system.build.date.utc=1743046810
ro.system.build.tags=test-keys
ro.system.build.type=eng
ro.system.build.version.sdk=32
ro.system.build.version.release=12
ro.system.build.version.incremental=eng.cooked.20250327.034332
ro.system.build.version.release_or_codename=16.1.0
ro.system.build.fingerprint=realme/twrp_RE58C6/RE58C6:16.1.0/SP2A.220405.004/cooked03270340:eng/test-keys
ro.treble.enabled=false
ro.product.cpu.abi=arm64-v8a
ro.product.cpu.abilist=arm64-v8a,armeabi-v7a,armeabi
ro.product.cpu.abilist32=armeabi-v7a,armeabi
ro.product.cpu.abilist64=arm64-v8a
ro.product.name=twrp_RE58C6
ro.product.brand=realme
ro.product.build.id=SP2A.220405.004
ro.product.build.date=Thu Mar 27 03:40:10 GMT 2025
ro.product.build.date.utc=1743046810
ro.product.build.tags=test-keys
ro.product.build.type=eng
ro.product.build.version.sdk=32
ro.product.build.version.release=12
ro.product.build.version.incremental=eng.cooked.20250327.034332
ro.product.build.version.release_or_codename=16.1.0
ro.product.build.fingerprint=realme/twrp_RE58C6/RE58C6:16.1.0/SP2A.220405.004/cooked03270340:eng/test-keys
ro.product.model=RE58C6
ro.product.device=RE58C6
ro.product.system.name=twrp_RE58C6
ro.product.system.brand=realme
ro.product.system.model=RE58C6
ro.product.system.device=RE58C6
ro.product.system.manufacturer=realme
ro.product.product.name=twrp_RE58C6
ro.product.product.brand=realme
ro.product.product.model=RE58C6
ro.product.product.device=RE58C6
ro.product.product.manufacturer=realme
ro.product.system_ext.name=twrp_RE58C6
ro.product.system_ext.brand=realme
ro.product.system_ext.model=RE58C6
ro.product.system_ext.device=RE58C6
ro.product.system_ext.manufacturer=realme
ro.product.manufacturer=realme
ro.debuggable=1
ro.system_ext.build.id=SP2A.220405.004
ro.system_ext.build.date=Thu Mar 27 03:40:10 GMT 2025
ro.system_ext.build.date.utc=1743046810
ro.system_ext.build.tags=test-keys
ro.system_ext.build.type=eng
ro.system_ext.build.version.sdk=32
ro.system_ext.build.version.release=12
ro.system_ext.build.version.incremental=eng.cooked.20250327.034332
ro.system_ext.build.version.release_or_codename=16.1.0
ro.system_ext.build.fingerprint=realme/twrp_RE58C6/RE58C6:16.1.0/SP2A.220405.004/cooked03270340:eng/test-keys
ro.actionable_compatible_property.enabled=true
ro.vendor.build.id=SP2A.220405.004
ro.vendor.build.date=Thu Mar 27 03:40:10 GMT 2025
ro.vendor.build.date.utc=1743046810
ro.vendor.build.tags=test-keys
ro.vendor.build.type=eng
ro.vendor.build.version.sdk=32
ro.vendor.build.version.release=12
ro.vendor.build.version.incremental=eng.cooked.20250327.034332
ro.vendor.build.version.release_or_codename=16.1.0
ro.vendor.build.fingerprint=realme/twrp_RE58C6/RE58C6:16.1.0/SP2A.220405.004/cooked03270340:eng/test-keys
ro.vendor.product.cpu.abilist=arm64-v8a,armeabi-v7a,armeabi
ro.vendor.product.cpu.abilist32=armeabi-v7a,armeabi
ro.vendor.product.cpu.abilist64=arm64-v8a
ro.product.board=ums9230_hulk
ro.product.vendor.name=twrp_RE58C6
ro.product.vendor.brand=realme
ro.product.vendor.model=RE58C6
ro.product.vendor.device=RE58C6
ro.product.vendor.manufacturer=realme
ro.cold_boot_done=true
ro.bionic.arch=arm64
ro.bionic.2nd_arch=arm
ro.bionic.cpu_variant=cortex-a75
ro.bionic.2nd_cpu_variant=cortex-a55
ro.dalvik.vm.native.bridge=0
ro.zygote=zygote64_32
dalvik.vm.isa.arm.variant=cortex-a55
dalvik.vm.isa.arm.features=default
dalvik.vm.isa.arm64.variant=cortex-a75
dalvik.vm.isa.arm64.features=default
dalvik.vm.dexopt.secondary=true
dalvik.vm.dexopt.thermal-cutoff=2
dalvik.vm.usejit=true
dalvik.vm.madvise.artfile.size=4294967295
dalvik.vm.madvise.odexfile.size=104857600
dalvik.vm.madvise.vdexfile.size=104857600
dalvik.vm.lockprof.threshold=500
dalvik.vm.dex2oat-Xms=64m
dalvik.vm.dex2oat-Xmx=512m
dalvik.vm.minidebuginfo=true
dalvik.vm.appimageformat=lz4
dalvik.vm.usejitprofiles=true
dalvik.vm.image-dex2oat-Xms=64m
dalvik.vm.image-dex2oat-Xmx=64m
dalvik.vm.image-dex2oat-filter=extract
dalvik.vm.dex2oat-minidebuginfo=true
dalvik.vm.dex2oat-max-image-block-size=524288
dalvik.vm.dex2oat-resolve-startup-strings=true
dalvik.vm.dex2oat-updatable-bcp-packages-file=/system/etc/updatable-bcp-packages.txt
persist.sys.dalvik.vm.lib.2=libart.so
debug.atrace.tags.enableflags=0
ro.twrp.boot=1
ro.twrp.target.devices=RE58C6
ro.twrp.version=3.7.1_12-cooked71
ro.twrp.fastbootd=0
ro.wifi.channels=
ro.allow.mock.location=1
ro.build.selinux=1
ro.iorapd.enable=true
ro.kernel.android.checkjni=1
ro.kernel.version=5.4
ro.system.product.cpu.abilist=arm64-v8a,armeabi-v7a,armeabi
ro.system.product.cpu.abilist32=armeabi-v7a,armeabi
ro.system.product.cpu.abilist64=arm64-v8a
ro.product.locale=en-US
ro.product.name_for_attestation=
ro.product.brand_for_attestation=
ro.product.model_for_attestation=
ro.postinstall.fstab.prefix=/system
fbe.contents=aes-256-xts
fbe.filenames=aes-256-cts:v2+inlinecrypt_optimized
twrp.apex.loaded=true
twrp.super.symlinks_created=true
twrp.crash_counter=0
twrp.action_complete=0
fstab.additional=1
keymaster_ver=4.x
ro.boot.product.hardware.sku=nfc
ro.boot.slot_suffix=_a
ro.boot.dynamic_partitions=true
ro.hwui.use_vulkan=
ro.board.platform=ums9230
ro.build.ab_update=true
ro.carrier=unknown
pm.dexopt.ab-ota=speed-profile
pm.dexopt.shared=speed
pm.dexopt.cmdline=verify
pm.dexopt.install=speed-profile
pm.dexopt.inactive=verify
pm.dexopt.bg-dexopt=speed-profile
pm.dexopt.first-boot=extract
pm.dexopt.install-bulk=speed-profile
pm.dexopt.install-fast=skip
pm.dexopt.install-bulk-secondary=verify
pm.dexopt.install-bulk-downgraded=verify
pm.dexopt.install-bulk-secondary-downgraded=extract
ro.build.fingerprint=realme/twrp_RE58C6/RE58C6:16.1.0/SP2A.220405.004/eng.cooked.20250327.034332:eng/test-keys
ro.gsid.image_running=0
gsid.image_installed=0
hwservicemanager.ready=true
init.svc.logd=running
init.svc.ueventd=running
init.svc.recovery=running
init.svc.fastbootd=stopped
init.svc.boot-hal-1-2=restarting
init.svc.health-hal-2-1=running
init.svc.hwservicemanager=running
init.svc.vndservicemanager=running
init.svc.adbd=restarting
init.svc_debug_pid.adbd=333
init.svc_debug_pid.logd=323
init.svc_debug_pid.ueventd=309
init.svc_debug_pid.recovery=330
init.svc_debug_pid.fastbootd=
init.svc_debug_pid.boot-hal-1-2=331
init.svc_debug_pid.health-hal-2-1=332
init.svc_debug_pid.hwservicemanager=328
init.svc_debug_pid.vndservicemanager=329
keyguard.no_require_sim=true
log.tag.stats_log=I
ro.logd.size.stats=64K
ro.logd.kernel=true
ro.product.ab_ota_partitions=boot,dtbo,system,product,vendor,odm,odm_dlkm,vbmeta,vendor_boot,vendor_dlkm,vbmeta_system,vbmeta_vendor
persist.debug.dalvik.vm.core_platform_api_policy=just-warn
pm.dexopt.post-boot=extract
pm.dexopt.boot-after-ota=extract
ro.property_service.version=2
ro.minui.pixel_format=RGBX_8888
ro.minui.overscan_percent=0
ro.boot.serialno=0I63730I5910990B
ro.serialno=0I63730I5910990B
service.adb.root=1
external_storage.projid.enabled=1
external_storage.casefold.enabled=1
external_storage.sdcardfs.enabled=0
ro.sf.lcd_density=320
dev.mnt.blk.odm=
dev.mnt.blk.vendor=
dev.mnt.blk.system_root=
net.bt.name=Android
persist.sys.usb.config=adb
persist.sys.disable_rescue=true
ro.config.ringtone=Ring_Synth_04.ogg
ro.config.alarm_alert=Alarm_Classic.ogg
ro.config.notification_sound=OnTheHunt.ogg
ro.com.android.dataroaming=true
tombstoned.max_tombstone_count=50
persist.traced.enable=1
sys.usb.config=mtp,adb
sys.usb.configfs=1
sys.usb.controller=musb-hdrc.1.auto
ro.odm.build.id=SP2A.220405.004
ro.odm.build.tags=test-keys
ro.odm.build.type=eng
ro.odm.build.version.sdk=32
ro.odm.build.version.release=12
ro.odm.build.version.release_or_codename=16.1.0
ro.odm.product.cpu.abilist=arm64-v8a,armeabi-v7a,armeabi
ro.odm.product.cpu.abilist32=armeabi-v7a,armeabi
ro.odm.product.cpu.abilist64=arm64-v8a
ro.vendor.build.security_patch=2099-12-31
ro.virtual_ab.enabled=true
wifi.interface=wlan0

I:Overriding ro.build.date.utc with value: "0"
I:Overriding ro.bootimage.build.date.utc with value: "0"
I:Overriding ro.vendor.build.date.utc with value: "0"
I:Overriding ro.system.build.date.utc with value: "0"
I:Overriding ro.system_ext.build.date.utc with value: "0"
I:Overriding ro.product.build.date.utc with value: "0"
I:Overriding ro.odm.build.date.utc with value: "0"
Updating partition details...
I:checking for twrp app
matches was 3 on <</dev/block/loop0 /apex/com.android.cts.s>>
matches was 3 on <</dev/block/loop0 /apex/com.android.cts.s>>
I:Can't probe device /dev/block/mmcblk0p77
Failed to mount '/data' (Invalid argument)
I:Actual block device: '/dev/block/mmcblk0p77', current file system: 'f2fs'
...done
matches was 3 on <</dev/block/loop0 /apex/com.android.cts.s>>
I:Can't probe device /dev/block/mmcblk0p77
I:Unable to mount '/data'
I:Actual block device: '/dev/block/mmcblk0p77', current file system: 'f2fs'
Unable to mount storage
tw_get_context failed to get selinux context, file /data/media
I:Failed to get default contexts and file mode for storage files.
SELinux contexts loaded from /file_contexts
Full SELinux support is present.
I:Switching packages (TWRP)


Partition Logs:
/spl | /dev/block/mmcblk0boot0 | Size: 4MB
   Flags: IsPresent SlotSelect 
   Primary_Block_Device: /dev/block/mmcblk0boot0
   Display_Name: spl
   Storage_Name: spl
   Backup_Path: /spl
   Backup_Name: spl
   Backup_Display_Name: spl
   Storage_Path: /spl
   Current_File_System: emmc
   Fstab_File_System: emmc
   Backup_Method: dd

/spl_bk | /dev/block/mmcblk0boot1 | Size: 4MB
   Flags: IsPresent 
   Primary_Block_Device: /dev/block/mmcblk0boot1
   Display_Name: spl_bk
   Storage_Name: spl_bk
   Backup_Path: /spl_bk
   Backup_Name: spl_bk
   Backup_Display_Name: spl_bk
   Storage_Path: /spl_bk
   Current_File_System: emmc
   Fstab_File_System: emmc
   Backup_Method: dd

/uboot | /dev/block/by-name/uboot_a | Size: 3MB
   Flags: IsPresent SlotSelect 
   Primary_Block_Device: /dev/block/by-name/uboot
   Display_Name: uboot
   Storage_Name: uboot
   Backup_Path: /uboot
   Backup_Name: uboot
   Backup_Display_Name: uboot
   Storage_Path: /uboot
   Current_File_System: emmc
   Fstab_File_System: emmc
   Backup_Method: dd

/sml | /dev/block/by-name/sml_a | Size: 1MB
   Flags: IsPresent SlotSelect 
   Primary_Block_Device: /dev/block/by-name/sml
   Display_Name: sml
   Storage_Name: sml
   Backup_Path: /sml
   Backup_Name: sml
   Backup_Display_Name: sml
   Storage_Path: /sml
   Current_File_System: emmc
   Fstab_File_System: emmc
   Backup_Method: dd

/tos | /dev/block/by-name/trustos_a | Size: 6MB
   Flags: IsPresent SlotSelect 
   Primary_Block_Device: /dev/block/by-name/trustos
   Display_Name: tos
   Storage_Name: tos
   Backup_Path: /tos
   Backup_Name: tos
   Backup_Display_Name: tos
   Storage_Path: /tos
   Current_File_System: emmc
   Fstab_File_System: emmc
   Backup_Method: dd

/teecfg | /dev/block/by-name/teecfg_a | Size: 1MB
   Flags: IsPresent SlotSelect 
   Primary_Block_Device: /dev/block/by-name/teecfg
   Display_Name: teecfg
   Storage_Name: teecfg
   Backup_Path: /teecfg
   Backup_Name: teecfg
   Backup_Display_Name: teecfg
   Storage_Path: /teecfg
   Current_File_System: emmc
   Fstab_File_System: emmc
   Backup_Method: dd

/vbmeta | /dev/block/by-name/vbmeta_a | Size: 1MB
   Flags: Can_Be_Backed_Up IsPresent Can_Flash_Img SlotSelect 
   Primary_Block_Device: /dev/block/by-name/vbmeta
   Display_Name: vbmeta
   Storage_Name: vbmeta
   Backup_Path: /vbmeta
   Backup_Name: vbmeta
   Backup_Display_Name: vbmeta
   Storage_Path: /vbmeta
   Current_File_System: emmc
   Fstab_File_System: emmc
   Backup_Method: dd

/vbmeta_system | /dev/block/by-name/vbmeta_system_a | Size: 1MB
   Flags: Can_Be_Backed_Up IsPresent SlotSelect 
   Primary_Block_Device: /dev/block/by-name/vbmeta_system
   Display_Name: vbmeta_system
   Storage_Name: vbmeta_system
   Backup_Path: /vbmeta_system
   Backup_Name: vbmeta_system
   Backup_Display_Name: vbmeta_system
   Storage_Path: /vbmeta_system
   Current_File_System: emmc
   Fstab_File_System: emmc
   Backup_Method: dd

/vbmeta_vendor | /dev/block/by-name/vbmeta_vendor_a | Size: 1MB
   Flags: Can_Be_Backed_Up IsPresent SlotSelect 
   Primary_Block_Device: /dev/block/by-name/vbmeta_vendor
   Display_Name: vbmeta_vendor
   Storage_Name: vbmeta_vendor
   Backup_Path: /vbmeta_vendor
   Backup_Name: vbmeta_vendor
   Backup_Display_Name: vbmeta_vendor
   Storage_Path: /vbmeta_vendor
   Current_File_System: emmc
   Fstab_File_System: emmc
   Backup_Method: dd

/dtbo | /dev/block/by-name/dtbo_a | Size: 8MB
   Flags: Can_Be_Backed_Up IsPresent Can_Flash_Img SlotSelect 
   Primary_Block_Device: /dev/block/by-name/dtbo
   Display_Name: dtbo
   Storage_Name: dtbo
   Backup_Path: /dtbo
   Backup_Name: dtbo
   Backup_Display_Name: dtbo
   Storage_Path: /dtbo
   Current_File_System: emmc
   Fstab_File_System: emmc
   Backup_Method: dd

/ltedsp | /dev/block/by-name/l_ldsp_a | Size: 20MB
   Flags: IsPresent SlotSelect 
   Primary_Block_Device: /dev/block/by-name/l_ldsp
   Display_Name: ltedsp
   Storage_Name: ltedsp
   Backup_Path: /ltedsp
   Backup_Name: ltedsp
   Backup_Display_Name: ltedsp
   Storage_Path: /ltedsp
   Current_File_System: emmc
   Fstab_File_System: emmc
   Backup_Method: dd

/ltegdsp | /dev/block/by-name/l_gdsp_a | Size: 10MB
   Flags: IsPresent SlotSelect 
   Primary_Block_Device: /dev/block/by-name/l_gdsp
   Display_Name: ltegdsp
   Storage_Name: ltegdsp
   Backup_Path: /ltegdsp
   Backup_Name: ltegdsp
   Backup_Display_Name: ltegdsp
   Storage_Path: /ltegdsp
   Current_File_System: emmc
   Fstab_File_System: emmc
   Backup_Method: dd

/lteagdsp | /dev/block/by-name/l_agdsp_a | Size: 6MB
   Flags: IsPresent SlotSelect 
   Primary_Block_Device: /dev/block/by-name/l_agdsp
   Display_Name: lteagdsp
   Storage_Name: lteagdsp
   Backup_Path: /lteagdsp
   Backup_Name: lteagdsp
   Backup_Display_Name: lteagdsp
   Storage_Path: /lteagdsp
   Current_File_System: emmc
   Fstab_File_System: emmc
   Backup_Method: dd

/ltecdsp |  | Size: 0MB
   Flags: SlotSelect 
   Primary_Block_Device: /dev/block/by-name/l_cdsp
   Display_Name: ltecdsp
   Storage_Name: ltecdsp
   Backup_Path: /ltecdsp
   Backup_Name: ltecdsp
   Backup_Display_Name: ltecdsp
   Storage_Path: /ltecdsp
   Current_File_System: emmc
   Fstab_File_System: emmc
   Backup_Method: dd

/ltemodem | /dev/block/by-name/l_modem_a | Size: 25MB
   Flags: IsPresent SlotSelect 
   Primary_Block_Device: /dev/block/by-name/l_modem
   Display_Name: ltemodem
   Storage_Name: ltemodem
   Backup_Path: /ltemodem
   Backup_Name: ltemodem
   Backup_Display_Name: ltemodem
   Storage_Path: /ltemodem
   Current_File_System: emmc
   Fstab_File_System: emmc
   Backup_Method: dd

/ltefixnv1 |  | Size: 0MB
   Flags: 
   Primary_Block_Device: /dev/block/by-name/l_fixnv1
   Display_Name: ltefixnv1
   Storage_Name: ltefixnv1
   Backup_Path: /ltefixnv1
   Backup_Name: ltefixnv1
   Backup_Display_Name: ltefixnv1
   Storage_Path: /ltefixnv1
   Current_File_System: emmc
   Fstab_File_System: emmc
   Backup_Method: dd

/ltefixnv2 |  | Size: 0MB
   Flags: 
   Primary_Block_Device: /dev/block/by-name/l_fixnv2
   Display_Name: ltefixnv2
   Storage_Name: ltefixnv2
   Backup_Path: /ltefixnv2
   Backup_Name: ltefixnv2
   Backup_Display_Name: ltefixnv2
   Storage_Path: /ltefixnv2
   Current_File_System: emmc
   Fstab_File_System: emmc
   Backup_Method: dd

/ltedeltanv | /dev/block/by-name/l_deltanv_a | Size: 1MB
   Flags: IsPresent SlotSelect 
   Primary_Block_Device: /dev/block/by-name/l_deltanv
   Display_Name: ltedeltanv
   Storage_Name: ltedeltanv
   Backup_Path: /ltedeltanv
   Backup_Name: ltedeltanv
   Backup_Display_Name: ltedeltanv
   Storage_Path: /ltedeltanv
   Current_File_System: emmc
   Fstab_File_System: emmc
   Backup_Method: dd

/lteruntimenv1 | /dev/block/mmcblk0p17 | Size: 2MB
   Flags: IsPresent 
   Primary_Block_Device: /dev/block/mmcblk0p17
   Display_Name: lteruntimenv1
   Storage_Name: lteruntimenv1
   Backup_Path: /lteruntimenv1
   Backup_Name: lteruntimenv1
   Backup_Display_Name: lteruntimenv1
   Storage_Path: /lteruntimenv1
   Current_File_System: emmc
   Fstab_File_System: emmc
   Backup_Method: dd

/lteruntimenv2 | /dev/block/mmcblk0p18 | Size: 2MB
   Flags: IsPresent 
   Primary_Block_Device: /dev/block/mmcblk0p18
   Display_Name: lteruntimenv2
   Storage_Name: lteruntimenv2
   Backup_Path: /lteruntimenv2
   Backup_Name: lteruntimenv2
   Backup_Display_Name: lteruntimenv2
   Storage_Path: /lteruntimenv2
   Current_File_System: emmc
   Fstab_File_System: emmc
   Backup_Method: dd

/wcnmodem |  | Size: 0MB
   Flags: SlotSelect 
   Primary_Block_Device: /dev/block/by-name/wcnmodem
   Display_Name: wcnmodem
   Storage_Name: wcnmodem
   Backup_Path: /wcnmodem
   Backup_Name: wcnmodem
   Backup_Display_Name: wcnmodem
   Storage_Path: /wcnmodem
   Current_File_System: emmc
   Fstab_File_System: emmc
   Backup_Method: dd

/gnssmodem |  | Size: 0MB
   Flags: SlotSelect 
   Primary_Block_Device: /dev/block/by-name/gnssmodem
   Display_Name: gnssmodem
   Storage_Name: gnssmodem
   Backup_Path: /gnssmodem
   Backup_Name: gnssmodem
   Backup_Display_Name: gnssmodem
   Storage_Path: /gnssmodem
   Current_File_System: emmc
   Fstab_File_System: emmc
   Backup_Method: dd

/pmsys | /dev/block/by-name/pm_sys_a | Size: 1MB
   Flags: IsPresent SlotSelect 
   Primary_Block_Device: /dev/block/by-name/pm_sys
   Display_Name: pmsys
   Storage_Name: pmsys
   Backup_Path: /pmsys
   Backup_Name: pmsys
   Backup_Display_Name: pmsys
   Storage_Path: /pmsys
   Current_File_System: emmc
   Fstab_File_System: emmc
   Backup_Method: dd

/misc | /dev/block/mmcblk0p3 | Size: 1MB
   Flags: IsPresent 
   Primary_Block_Device: /dev/block/mmcblk0p3
   Display_Name: misc
   Storage_Name: misc
   Backup_Path: /misc
   Backup_Name: misc
   Backup_Display_Name: misc
   Storage_Path: /misc
   Current_File_System: emmc
   Fstab_File_System: emmc
   Backup_Method: dd

/boot | /dev/block/mmcblk0p36 | Size: 64MB
   Flags: Can_Be_Backed_Up IsPresent Can_Flash_Img SlotSelect 
   Primary_Block_Device: /dev/block/mmcblk0p36
   Display_Name: boot
   Storage_Name: boot
   Backup_Path: /boot
   Backup_Name: boot
   Backup_Display_Name: Boot
   Storage_Path: /boot
   Current_File_System: emmc
   Fstab_File_System: emmc
   Backup_Method: dd

/persist | /dev/block/mmcblk0p19 | Size: 2MB
   Flags: IsPresent 
   Primary_Block_Device: /dev/block/mmcblk0p19
   Display_Name: persist
   Storage_Name: persist
   Backup_Path: /persist
   Backup_Name: persist
   Backup_Display_Name: persist
   Storage_Path: /persist
   Current_File_System: emmc
   Fstab_File_System: emmc
   Backup_Method: dd

/logo | /dev/block/mmcblk0p11 | Size: 8MB
   Flags: IsPresent 
   Primary_Block_Device: /dev/block/mmcblk0p11
   Display_Name: logo
   Storage_Name: logo
   Backup_Path: /logo
   Backup_Name: logo
   Backup_Display_Name: logo
   Storage_Path: /logo
   Current_File_System: emmc
   Fstab_File_System: emmc
   Backup_Method: dd

/fbootlogo | /dev/block/mmcblk0p12 | Size: 8MB
   Flags: IsPresent 
   Primary_Block_Device: /dev/block/mmcblk0p12
   Display_Name: fbootlogo
   Storage_Name: fbootlogo
   Backup_Path: /fbootlogo
   Backup_Name: fbootlogo
   Backup_Display_Name: fbootlogo
   Storage_Path: /fbootlogo
   Current_File_System: emmc
   Fstab_File_System: emmc
   Backup_Method: dd

/system_root | /dev/block/dm-0 | Size: 2842MB Used: 2842MB Free: 0MB Backup Size: 2842MB
   Flags: Can_Be_Mounted IsPresent SlotSelect Mount_Read_Only Is_Super 
   Primary_Block_Device: /dev/block/dm-0
   Display_Name: System
   Storage_Name: System
   Backup_Path: /system_root
   Backup_Name: system
   Backup_Display_Name: System
   Storage_Path: /system_root
   Current_File_System: erofs
   Fstab_File_System: erofs
   Backup_Method: files

/system_ext | /dev/block/dm-1 | Size: 660MB Used: 660MB Free: 0MB Backup Size: 660MB
   Flags: Can_Be_Mounted IsPresent SlotSelect Mount_Read_Only Is_Super 
   Primary_Block_Device: /dev/block/dm-1
   Display_Name: System_EXT
   Storage_Name: System_EXT
   Backup_Path: /system_ext
   Backup_Name: System_EXT
   Backup_Display_Name: System_EXT
   Storage_Path: /system_ext
   Current_File_System: erofs
   Fstab_File_System: erofs
   Backup_Method: files

/vendor | /dev/block/dm-2 | Size: 529MB Used: 529MB Free: 0MB Backup Size: 529MB
   Flags: Can_Be_Mounted IsPresent SlotSelect Mount_Read_Only Is_Super 
   Primary_Block_Device: /dev/block/dm-2
   Display_Name: Vendor
   Storage_Name: Vendor
   Backup_Path: /vendor
   Backup_Name: vendor
   Backup_Display_Name: Vendor
   Storage_Path: /vendor
   Current_File_System: erofs
   Fstab_File_System: erofs
   Backup_Method: files

/odm | /dev/block/dm-4 | Size: 319MB Used: 319MB Free: 0MB Backup Size: 319MB
   Flags: Can_Be_Mounted IsPresent SlotSelect Mount_Read_Only Is_Super 
   Primary_Block_Device: /dev/block/dm-4
   Display_Name: ODM
   Storage_Name: ODM
   Backup_Path: /odm
   Backup_Name: ODM
   Backup_Display_Name: ODM
   Storage_Path: /odm
   Current_File_System: erofs
   Fstab_File_System: erofs
   Backup_Method: files

/product | /dev/block/dm-3 | Size: 1551MB Used: 1551MB Free: 0MB Backup Size: 1551MB
   Flags: Can_Be_Mounted IsPresent SlotSelect Mount_Read_Only Is_Super 
   Primary_Block_Device: /dev/block/dm-3
   Display_Name: Product
   Storage_Name: Product
   Backup_Path: /product
   Backup_Name: Product
   Backup_Display_Name: Product
   Storage_Path: /product
   Current_File_System: erofs
   Fstab_File_System: erofs
   Backup_Method: files

/vendor_dlkm | /dev/block/dm-5 | Size: 9MB Used: 9MB Free: 0MB Backup Size: 9MB
   Flags: Can_Be_Mounted IsPresent SlotSelect Mount_Read_Only Is_Super 
   Primary_Block_Device: /dev/block/dm-5
   Display_Name: Vendor DLKM
   Storage_Name: Vendor DLKM
   Backup_Path: /vendor_dlkm
   Backup_Name: vendor_dlkm
   Backup_Display_Name: Vendor DLKM
   Storage_Path: /vendor_dlkm
   Current_File_System: erofs
   Fstab_File_System: erofs
   Backup_Method: files

/cache | /dev/block/mmcblk0p48 | Size: 61MB Used: 48MB Free: 13MB Backup Size: 48MB
   Flags: Can_Be_Mounted Can_Be_Wiped Can_Be_Backed_Up Wipe_During_Factory_Reset Wipe_Available_in_GUI IsPresent 
   Primary_Block_Device: /dev/block/mmcblk0p48
   Display_Name: Cache
   Storage_Name: Cache
   Backup_Path: /cache
   Backup_Name: cache
   Backup_Display_Name: Cache
   Storage_Path: /cache
   Current_File_System: f2fs
   Fstab_File_System: f2fs
   Backup_Method: files
   Mount_Flags: 1030, Mount_Options: discard

/external_sd | /dev/block/mmcblk1p1 | Size: 29571MB Used: 28256MB Free: 1314MB Backup Size: 28256MB
   Flags: Can_Be_Mounted Can_Be_Wiped Wipe_Available_in_GUI Removable IsPresent Is_Storage 
   Primary_Block_Device: /dev/block/mmcblk1p1
   Alternate_Block_Device: /dev/block/mmcblk1
   Display_Name: external_sd
   Storage_Name: external_sd
   Backup_Path: /external_sd
   Backup_Name: external_sd
   Backup_Display_Name: external_sd
   Storage_Path: /external_sd
   Current_File_System: vfat
   Fstab_File_System: vfat
   Backup_Method: files
   Mount_Flags: 0, Mount_Options: utf8
   MTP_Storage_ID: 65537

/product_image | /dev/block/dm-3 | Size: 1580MB
   Flags: Can_Be_Backed_Up IsPresent Can_Flash_Img 
   Primary_Block_Device: /dev/block/dm-3
   Display_Name: Product image
   Storage_Name: Product image
   Backup_Path: /product_image
   Backup_Name: product_image
   Backup_Display_Name: Product image
   Storage_Path: /product_image
   Current_File_System: emmc
   Fstab_File_System: emmc
   Backup_Method: dd

/system_ext_image | /dev/block/dm-1 | Size: 673MB
   Flags: Can_Be_Backed_Up IsPresent Can_Flash_Img 
   Primary_Block_Device: /dev/block/dm-1
   Display_Name: System_ext image
   Storage_Name: System_ext image
   Backup_Path: /system_ext_image
   Backup_Name: system_ext_image
   Backup_Display_Name: System_ext image
   Storage_Path: /system_ext_image
   Current_File_System: emmc
   Fstab_File_System: emmc
   Backup_Method: dd

/system_image | /dev/block/dm-0 | Size: 2897MB
   Flags: Can_Be_Backed_Up IsPresent Can_Flash_Img 
   Primary_Block_Device: /dev/block/dm-0
   Display_Name: System image
   Storage_Name: System image
   Backup_Path: /system_image
   Backup_Name: system_image
   Backup_Display_Name: System image
   Storage_Path: /system_image
   Current_File_System: emmc
   Fstab_File_System: emmc
   Backup_Method: dd

/usb-otg |  | Size: 0MB Used: 0MB Free: 0MB Backup Size: 0MB
   Flags: Can_Be_Mounted Can_Be_Wiped Wipe_Available_in_GUI Removable Is_Storage 
   Primary_Block_Device: /dev/block/sda1
   Alternate_Block_Device: /dev/block/sda
   Display_Name: usb-otg
   Storage_Name: usb-otg
   Backup_Path: /usb-otg
   Backup_Name: usb-otg
   Backup_Display_Name: usb-otg
   Storage_Path: /usb-otg
   Current_File_System: vfat
   Fstab_File_System: vfat
   Backup_Method: files
   Mount_Flags: 0, Mount_Options: utf8
   MTP_Storage_ID: 65538

/vbmeta_product | /dev/block/by-name/vbmeta_product_a | Size: 1MB
   Flags: Can_Be_Backed_Up IsPresent SlotSelect 
   Primary_Block_Device: /dev/block/by-name/vbmeta_product
   Display_Name: vbmeta_product
   Storage_Name: vbmeta_product
   Backup_Path: /vbmeta_product
   Backup_Name: vbmeta_product
   Backup_Display_Name: vbmeta_product
   Storage_Path: /vbmeta_product
   Current_File_System: emmc
   Fstab_File_System: emmc
   Backup_Method: dd

/vbmeta_system_ext | /dev/block/by-name/vbmeta_system_ext_a | Size: 1MB
   Flags: Can_Be_Backed_Up IsPresent SlotSelect 
   Primary_Block_Device: /dev/block/by-name/vbmeta_system_ext
   Display_Name: vbmeta_system_ext
   Storage_Name: vbmeta_system_ext
   Backup_Path: /vbmeta_system_ext
   Backup_Name: vbmeta_system_ext
   Backup_Display_Name: vbmeta_system_ext
   Storage_Path: /vbmeta_system_ext
   Current_File_System: emmc
   Fstab_File_System: emmc
   Backup_Method: dd

/vendor_boot | /dev/block/by-name/vendor_boot_a | Size: 100MB
   Flags: Can_Be_Backed_Up IsPresent Can_Flash_Img SlotSelect 
   Primary_Block_Device: /dev/block/by-name/vendor_boot
   Display_Name: Vendor Boot
   Storage_Name: Vendor Boot
   Backup_Path: /vendor_boot
   Backup_Name: vendor_boot
   Backup_Display_Name: Vendor Boot
   Storage_Path: /vendor_boot
   Current_File_System: emmc
   Fstab_File_System: emmc
   Backup_Method: dd

/vendor_image | /dev/block/dm-2 | Size: 539MB
   Flags: Can_Be_Backed_Up IsPresent Can_Flash_Img 
   Primary_Block_Device: /dev/block/dm-2
   Display_Name: Vendor image
   Storage_Name: Vendor image
   Backup_Path: /vendor_image
   Backup_Name: vendor_image
   Backup_Display_Name: Vendor image
   Storage_Path: /vendor_image
   Current_File_System: emmc
   Fstab_File_System: emmc
   Backup_Method: dd

/metadata | /dev/block/mmcblk0p55 | Size: 62MB Used: 34MB Free: 27MB Backup Size: 34MB
   Flags: Can_Be_Mounted Can_Be_Wiped Wipe_Available_in_GUI IsPresent 
   Primary_Block_Device: /dev/block/mmcblk0p55
   Display_Name: Metadata
   Storage_Name: Metadata
   Backup_Path: /metadata
   Backup_Name: metadata
   Backup_Display_Name: Metadata
   Storage_Path: /metadata
   Current_File_System: f2fs
   Fstab_File_System: ext4
   Backup_Method: files
   Mount_Flags: 1030, Mount_Options: 

/data | /dev/block/mmcblk0p77 | Size: 0MB Used: 0MB Free: 0MB Backup Size: 0MB
   Flags: Can_Be_Mounted Can_Be_Wiped Can_Be_Backed_Up Wipe_During_Factory_Reset Wipe_Available_in_GUI IsPresent Has_Data_Media Can_Encrypt_Backup Use_Userdata_Encryption Is_Storage Is_Settings_Storage 
   Symlink_Path: /data/media
   Symlink_Mount_Point: /sdcard
   Primary_Block_Device: /dev/block/mmcblk0p77
   Display_Name: Data
   Storage_Name: Internal Storage
   Backup_Path: /data
   Backup_Name: data
   Backup_Display_Name: Data
   Storage_Path: /data/media
   Current_File_System: f2fs
   Fstab_File_System: f2fs
   Backup_Method: files
   Mount_Flags: 1030, Mount_Options: discard,reserve_root=32768,resgid=1065,inline_xattr,inline_data,inlinecrypt,fsync_mode=nobarrier
   MTP_Storage_ID: 65539
   Metadata Key Directory: /metadata/vold/metadata_encryption

/super | /dev/block/by-name/super | Size: 8000MB
   Flags: Can_Be_Backed_Up IsPresent Can_Flash_Img 
   Alternate_Block_Device: /dev/block/by-name/super
   Display_Name: super
   Backup_Path: /super
   Backup_Name: super
   Backup_Display_Name: Super (system system_ext vendor odm)
   Current_File_System: emmc
   Backup_Method: dd

I:Attempt to load settings from settings file...
I:InfoManager file '.twrps' not found.
I:Backup folder set to '/data/media/TWRP/BACKUPS/0I63730I5910990B'
I:Version number saved to '/cache/recovery/.version'
I:Unable to mount '/usb-otg'
I:Actual block device: '', current file system: 'vfat'
matches was 3 on <</dev/block/loop0 /apex/com.android.cts.s>>
I:Can't probe device /dev/block/mmcblk0p77
I:Unable to mount '/data'
I:Actual block device: '/dev/block/mmcblk0p77', current file system: 'f2fs'
I:TWFunc::Set_Brightness: Setting brightness control to 4095
I:Starting MTP
I:[MTP] Starting MTP
I:sending message to add 65537 '/external_sd' 'external_sd'
I:Message sent, add storage ID: 65537 '/external_sd'
matches was 3 on <</dev/block/loop0 /apex/com.android.cts.s>>
I:Can't probe device /dev/block/mmcblk0p77
I:Unable to mount '/data'
I:Actual block device: '/dev/block/mmcblk0p77', current file system: 'f2fs'
MTP Enabled
I:Starting Adb Backup FIFO
I:PageManager::LoadFileToBuffer loading filename: '/twres/languages/en.xml' directly
parsing languageFile
parsing languageFile done
I:Translating partition display names
I:Backup folder set to '/data/media/TWRP/BACKUPS/0I63730I5910990B'
I:checking for twrp app
matches was 3 on <</dev/block/loop0 /apex/com.android.cts.s>>
I:Can't probe device /dev/block/mmcblk0p77
I:Unable to mount '/data'
I:Actual block device: '/dev/block/mmcblk0p77', current file system: 'f2fs'
I:Data partition cannot be mounted during app check
I:App not installed
I:Switching packages (TWRP)
I:Set page: 'main'
I:Set page: 'clear_vars'
I:Set page: 'main2'
I:[MTP] created new mtpserver object
I:[MTP] mtppipe add storage 65537 '/external_sd'
